# JRE version: OpenJDK Runtime Environment (11.0.2+9) (build 11.0.2+9)
# Java VM: OpenJDK 64-Bit Server VM (11.0.2+9, mixed mode, tiered, compressed oops, g1 gc, windows-amd64)
Heap:
 garbage-first heap   total 65536K, used 13603K [0x00000000fc000000, 0x0000000100000000)
  region size 1024K, 5 young (5120K), 2 survivors (2048K)
 Metaspace       used 17457K, capacity 17748K, committed 18048K, reserved 1064960K
  class space    used 1954K, capacity 2091K, committed 2176K, reserved 1048576K
GC Heap History (8 events):
Event: 15.234 GC heap before
{Heap before GC invocations=0 (full 0):
 garbage-first heap   total 65536K, used 16384K [0x00000000fc000000, 0x0000000100000000)
  region size 1024K, 14 young (14336K), 0 survivors (0K)
 Metaspace       used 7809K, capacity 7953K, committed 8192K, reserved 1056768K
  class space    used 704K, capacity 754K, committed 768K, reserved 1048576K
}
Event: 15.251 GC heap after
{Heap after GC invocations=1 (full 0):
 garbage-first heap   total 65536K, used 3413K [0x00000000fc000000, 0x0000000100000000)
  region size 1024K, 2 young (2048K), 2 survivors (2048K)
 Metaspace       used 7809K, capacity 7953K, committed 8192K, reserved 1056768K
  class space    used 704K, capacity 754K, committed 768K, reserved 1048576K
}
Event: 19.876 GC heap before
{Heap before GC invocations=1 (full 0):
 garbage-first heap   total 65536K, used 12629K [0x00000000fc000000, 0x0000000100000000)
  region size 1024K, 8 young (8192K), 2 survivors (2048K)
 Metaspace       used 9393K, capacity 9578K, committed 9728K, reserved 1058816K
  class space    used 922K, capacity 1000K, committed 1024K, reserved 1048576K
}
Event: 19.880 GC heap after
{Heap after GC invocations=2 (full 0):
 garbage-first heap   total 65536K, used 9318K [0x00000000fc000000, 0x0000000100000000)
  region size 1024K, 1 young (1024K), 1 survivors (1024K)
 Metaspace       used 9393K, capacity 9578K, committed 9728K, reserved 1058816K
  class space    used 922K, capacity 1000K, committed 1024K, reserved 1048576K
}
Event: 21.042 GC heap before
{Heap before GC invocations=2 (full 0):
 garbage-first heap   total 65536K, used 21606K [0x00000000fc000000, 0x0000000100000000)
  region size 1024K, 13 young (13312K), 1 survivors (1024K)
 Metaspace       used 12351K, capacity 12604K, committed 12800K, reserved 1060864K
  class space    used 1373K, capacity 1478K, committed 1536K, reserved 1048576K
}
Event: 21.045 GC heap after
{Heap after GC invocations=3 (full 0):
 garbage-first heap   total 65536K, used 10318K [0x00000000fc000000, 0x0000000100000000)
  region size 1024K, 2 young (2048K), 2 survivors (2048K)
 Metaspace       used 12351K, capacity 12604K, committed 12800K, reserved 1060864K
  class space    used 1373K, capacity 1478K, committed 1536K, reserved 1048576K
}
Event: 89.250 GC heap before
{Heap before GC invocations=3 (full 0):
 garbage-first heap   total 65536K, used 29774K [0x00000000fc000000, 0x0000000100000000)
  region size 1024K, 21 young (21504K), 2 survivors (2048K)
 Metaspace       used 17287K, capacity 17620K, committed 17792K, reserved 1064960K
  class space    used 1954K, capacity 2091K, committed 2176K, reserved 1048576K
}
Event: 89.295 GC heap after
{Heap after GC invocations=4 (full 0):
 garbage-first heap   total 65536K, used 11555K [0x00000000fc000000, 0x0000000100000000)
  region size 1024K, 2 young (2048K), 2 survivors (2048K)
 Metaspace       used 17287K, capacity 17620K, committed 17792K, reserved 1064960K
  class space    used 1954K, capacity 2091K, committed 2176K, reserved 1048576K
}

